[38;5;6m [38;5;5m16:54:54.59 [0m
[38;5;6m [38;5;5m16:54:54.59 [0m[1mWelcome to the Bitnami spark container[0m
[38;5;6m [38;5;5m16:54:54.60 [0mSubscribe to project updates by watching [1mhttps://github.com/bitnami/bitnami-docker-spark[0m
[38;5;6m [38;5;5m16:54:54.60 [0mSubmit issues and feature requests at [1mhttps://github.com/bitnami/bitnami-docker-spark/issues[0m
[38;5;6m [38;5;5m16:54:54.60 [0m
[38;5;6m [38;5;5m16:54:54.60 [0m[38;5;2mINFO [0m ==> ** Starting Spark setup **
realpath: /bitnami/spark/conf: No such file or directory
[38;5;6m [38;5;5m16:54:54.62 [0m[38;5;2mINFO [0m ==> Generating Spark configuration file...
[38;5;6m [38;5;5m16:54:54.62 [0m[38;5;2mINFO [0m ==> ** Spark setup finished! **

[38;5;6m [38;5;5m16:54:54.63 [0m[38;5;2mINFO [0m ==> ** Starting Spark in worker mode **
starting org.apache.spark.deploy.worker.Worker, logging to /opt/bitnami/spark/logs/spark--org.apache.spark.deploy.worker.Worker-1-505df5c5b591.out
Spark Command: /opt/bitnami/java/bin/java -cp /opt/bitnami/spark/conf/:/opt/bitnami/spark/jars/* -Xmx1g org.apache.spark.deploy.worker.Worker --webui-port 8081 spark://spark:7077
========================================
Using Spark's default log4j profile: org/apache/spark/log4j-defaults.properties
22/06/11 16:54:55 INFO Worker: Started daemon with process name: 38@505df5c5b591
22/06/11 16:54:55 INFO SignalUtils: Registering signal handler for TERM
22/06/11 16:54:55 INFO SignalUtils: Registering signal handler for HUP
22/06/11 16:54:55 INFO SignalUtils: Registering signal handler for INT
22/06/11 16:54:55 WARN NativeCodeLoader: Unable to load native-hadoop library for your platform... using builtin-java classes where applicable
22/06/11 16:54:55 INFO SecurityManager: Changing view acls to: spark
22/06/11 16:54:55 INFO SecurityManager: Changing modify acls to: spark
22/06/11 16:54:55 INFO SecurityManager: Changing view acls groups to: 
22/06/11 16:54:55 INFO SecurityManager: Changing modify acls groups to: 
22/06/11 16:54:56 INFO SecurityManager: SecurityManager: authentication disabled; ui acls disabled; users  with view permissions: Set(spark); groups with view permissions: Set(); users  with modify permissions: Set(spark); groups with modify permissions: Set()
22/06/11 16:54:56 INFO Utils: Successfully started service 'sparkWorker' on port 33683.
22/06/11 16:54:56 INFO Worker: Worker decommissioning not enabled.
22/06/11 16:54:56 INFO Worker: Starting Spark worker 172.22.0.5:33683 with 1 cores, 1024.0 MiB RAM
22/06/11 16:54:56 INFO Worker: Running Spark version 3.2.1
22/06/11 16:54:56 INFO Worker: Spark home: /opt/bitnami/spark
22/06/11 16:54:56 INFO ResourceUtils: ==============================================================
22/06/11 16:54:56 INFO ResourceUtils: No custom resources configured for spark.worker.
22/06/11 16:54:56 INFO ResourceUtils: ==============================================================
22/06/11 16:54:57 INFO Utils: Successfully started service 'WorkerUI' on port 8081.
22/06/11 16:54:57 INFO WorkerWebUI: Bound WorkerWebUI to 0.0.0.0, and started at http://505df5c5b591:8081
22/06/11 16:54:57 INFO Worker: Connecting to master spark:7077...
22/06/11 16:54:57 INFO TransportClientFactory: Successfully created connection to spark/172.22.0.4:7077 after 33 ms (0 ms spent in bootstraps)
22/06/11 16:54:57 INFO Worker: Successfully registered with master spark://d86e382532b9:7077
[38;5;6m [38;5;5m17:56:04.86 [0m
[38;5;6m [38;5;5m17:56:04.86 [0m[1mWelcome to the Bitnami spark container[0m
[38;5;6m [38;5;5m17:56:04.86 [0mSubscribe to project updates by watching [1mhttps://github.com/bitnami/bitnami-docker-spark[0m
[38;5;6m [38;5;5m17:56:04.86 [0mSubmit issues and feature requests at [1mhttps://github.com/bitnami/bitnami-docker-spark/issues[0m
[38;5;6m [38;5;5m17:56:04.86 [0m
[38;5;6m [38;5;5m17:56:04.88 [0m[38;5;2mINFO [0m ==> ** Starting Spark setup **
realpath: /bitnami/spark/conf: No such file or directory
[38;5;6m [38;5;5m17:56:04.90 [0m[38;5;2mINFO [0m ==> Detected mounted configuration file...
[38;5;6m [38;5;5m17:56:04.90 [0m[38;5;2mINFO [0m ==> ** Spark setup finished! **

[38;5;6m [38;5;5m17:56:04.91 [0m[38;5;2mINFO [0m ==> ** Starting Spark in worker mode **
starting org.apache.spark.deploy.worker.Worker, logging to /opt/bitnami/spark/logs/spark--org.apache.spark.deploy.worker.Worker-1-505df5c5b591.out
Spark Command: /opt/bitnami/java/bin/java -cp /opt/bitnami/spark/conf/:/opt/bitnami/spark/jars/* -Xmx1g org.apache.spark.deploy.worker.Worker --webui-port 8081 spark://spark:7077
========================================
Using Spark's default log4j profile: org/apache/spark/log4j-defaults.properties
22/06/11 17:56:05 INFO Worker: Started daemon with process name: 37@505df5c5b591
22/06/11 17:56:05 INFO SignalUtils: Registering signal handler for TERM
22/06/11 17:56:05 INFO SignalUtils: Registering signal handler for HUP
22/06/11 17:56:05 INFO SignalUtils: Registering signal handler for INT
22/06/11 17:56:05 WARN NativeCodeLoader: Unable to load native-hadoop library for your platform... using builtin-java classes where applicable
22/06/11 17:56:06 INFO SecurityManager: Changing view acls to: spark
22/06/11 17:56:06 INFO SecurityManager: Changing modify acls to: spark
22/06/11 17:56:06 INFO SecurityManager: Changing view acls groups to: 
22/06/11 17:56:06 INFO SecurityManager: Changing modify acls groups to: 
22/06/11 17:56:06 INFO SecurityManager: SecurityManager: authentication disabled; ui acls disabled; users  with view permissions: Set(spark); groups with view permissions: Set(); users  with modify permissions: Set(spark); groups with modify permissions: Set()
22/06/11 17:56:06 INFO Utils: Successfully started service 'sparkWorker' on port 32799.
22/06/11 17:56:06 INFO Worker: Worker decommissioning not enabled.
22/06/11 17:56:06 INFO Worker: Starting Spark worker 172.22.0.2:32799 with 1 cores, 1024.0 MiB RAM
22/06/11 17:56:06 INFO Worker: Running Spark version 3.2.1
22/06/11 17:56:06 INFO Worker: Spark home: /opt/bitnami/spark
22/06/11 17:56:06 INFO ResourceUtils: ==============================================================
22/06/11 17:56:06 INFO ResourceUtils: No custom resources configured for spark.worker.
22/06/11 17:56:06 INFO ResourceUtils: ==============================================================
22/06/11 17:56:06 INFO Utils: Successfully started service 'WorkerUI' on port 8081.
22/06/11 17:56:06 INFO WorkerWebUI: Bound WorkerWebUI to 0.0.0.0, and started at http://505df5c5b591:8081
22/06/11 17:56:06 INFO Worker: Connecting to master spark:7077...
22/06/11 17:56:06 INFO TransportClientFactory: Successfully created connection to spark/172.22.0.4:7077 after 24 ms (0 ms spent in bootstraps)
22/06/11 17:56:06 INFO Worker: Successfully registered with master spark://d86e382532b9:7077
